Arguments: 
  /Users/sergii/.nvm/versions/node/v10.9.0/bin/node /usr/local/Cellar/yarn/1.15.2/libexec/bin/yarn.js

PATH: 
  /Users/sergii/.nvm/versions/node/v10.9.0/bin:/usr/local/opt/libressl/bin:/Users/sergii/Library/Python/3.6/bin:/usr/local/opt/node@6/bin:/usr/local/bin:/usr/local/bin:/usr/bin:/bin:/usr/sbin:/sbin:/opt/X11/bin

Yarn version: 
  1.15.2

Node version: 
  10.9.0

Platform: 
  darwin x64

Trace: 
  Error: https://0.0.0.0:443/@preply%2flib: no such package available
      at Request.params.callback [as _callback] (/usr/local/Cellar/yarn/1.15.2/libexec/lib/cli.js:66058:18)
      at Request.self.callback (/usr/local/Cellar/yarn/1.15.2/libexec/lib/cli.js:129541:22)
      at Request.emit (events.js:182:13)
      at Request.<anonymous> (/usr/local/Cellar/yarn/1.15.2/libexec/lib/cli.js:130513:10)
      at Request.emit (events.js:182:13)
      at IncomingMessage.<anonymous> (/usr/local/Cellar/yarn/1.15.2/libexec/lib/cli.js:130435:12)
      at Object.onceWrapper (events.js:273:13)
      at IncomingMessage.emit (events.js:187:15)
      at endReadableNT (_stream_readable.js:1085:12)
      at process._tickCallback (internal/process/next_tick.js:63:19)

npm manifest: 
  {
    "name": "foo",
    "version": "1.0.0",
    "main": "dist/index.js",
    "license": "MIT",
    "dependencies": {
      "@preply/lib": "^1.0.1",
      "@types/isomorphic-fetch": "^0.0.35",
      "@types/react": "^16.9.2",
      "@types/react-dom": "^16.9.0",
      "fork-ts-checker-webpack-plugin": "^1.5.0",
      "html-webpack-plugin": "^3.2.0",
      "i": "^0.3.6",
      "isomorphic-fetch": "^2.2.1",
      "npm": "^6.11.3",
      "react": "^16.9.0",
      "react-dom": "^16.9.0",
      "react-loadable": "^5.5.0",
      "ts-loader": "^6.1.0",
      "webpack": "^4.40.2",
      "webpack-cli": "^3.3.8",
      "webpack-dev-server": "^3.8.0"
    }
  }

yarn manifest: 
  No manifest

Lockfile: 
  No lockfile
